<?xml version="1.0" encoding="UTF-8"?>
<!-- Generated by org.testng.reporters.JUnitReportReporter -->
<testsuite hostname="DESKTOP-LFL4UKQ" failures="0" tests="1" name="com.interview.assignmentcheck.AssignmentTest" time="17.832" errors="0" timestamp="2022-07-28T22:14:55 IST" skipped="0">
  <testcase classname="com.interview.assignmentcheck.AssignmentTest" name="test2" time="17.832"/>
  <system-out/>
</testsuite> <!-- com.interview.assignmentcheck.AssignmentTest -->
