<?xml version="1.0" encoding="UTF-8"?>
<!-- Generated by org.testng.reporters.JUnitReportReporter -->
<testsuite hostname="DESKTOP-LFL4UKQ" failures="0" tests="1" name="com.logical.string.check" time="0.014" errors="0" timestamp="2022-08-13T22:32:12 IST" skipped="0">
  <testcase classname="com.logical.string.check" name="test" time="0.014"/>
  <system-out/>
</testsuite> <!-- com.logical.string.check -->
