<?xml version="1.0" encoding="UTF-8"?>
<!-- Generated by org.testng.reporters.JUnitReportReporter -->
<testsuite hostname="DESKTOP-LFL4UKQ" failures="0" tests="1" name="com.basic.selenium.CalendarHandling" time="15.128" errors="0" timestamp="2022-07-05T11:41:07 IST" skipped="0">
  <testcase classname="com.basic.selenium.CalendarHandling" name="handleCalandarFrom_devbqp" time="15.128"/>
  <system-out/>
</testsuite> <!-- com.basic.selenium.CalendarHandling -->
