<?xml version="1.0" encoding="UTF-8"?>
<!-- Generated by org.testng.reporters.JUnitReportReporter -->
<testsuite hostname="DESKTOP-LFL4UKQ" failures="0" tests="1" name="com.basic.selenium.OpenWindowAndTabFeatures" time="11.769" errors="0" timestamp="2022-07-16T17:03:03 IST" skipped="0">
  <testcase classname="com.basic.selenium.OpenWindowAndTabFeatures" name="switch_window_with_WindowHandle" time="11.769"/>
  <system-out/>
</testsuite> <!-- com.basic.selenium.OpenWindowAndTabFeatures -->
