<?xml version="1.0" encoding="UTF-8"?>
<!-- Generated by org.testng.reporters.JUnitReportReporter -->
<testsuite hostname="DESKTOP-LFL4UKQ" failures="0" tests="1" name="com.basic.selenium.JavaScriptExecutorScenarios" time="8.960" errors="0" timestamp="2022-08-03T09:52:06 IST" skipped="0">
  <testcase classname="com.basic.selenium.JavaScriptExecutorScenarios" name="test2" time="8.960"/>
  <system-out/>
</testsuite> <!-- com.basic.selenium.JavaScriptExecutorScenarios -->
