<?xml version="1.0" encoding="UTF-8"?>
<!-- Generated by org.testng.reporters.JUnitReportReporter -->
<testsuite hostname="DESKTOP-T1TKO85" failures="0" tests="1" name="com.basic.selenium.WebTableHandle" time="33.824" errors="0" timestamp="2022-02-02T22:08:14 IST" skipped="0">
  <testcase classname="com.basic.selenium.WebTableHandle" name="verifyTable" time="33.824"/>
  <system-out/>
</testsuite> <!-- com.basic.selenium.WebTableHandle -->
