<?xml version="1.0" encoding="UTF-8"?>
<!-- Generated by org.testng.reporters.JUnitReportReporter -->
<testsuite hostname="DESKTOP-LFL4UKQ" failures="0" tests="1" name="com.basic.selenium.CheckBoxHandle" time="33.133" errors="0" timestamp="2022-06-28T20:21:51 IST" skipped="0">
  <testcase classname="com.basic.selenium.CheckBoxHandle" name="dynamic_checkbox" time="33.133"/>
  <system-out/>
</testsuite> <!-- com.basic.selenium.CheckBoxHandle -->
