<?xml version="1.0" encoding="UTF-8"?>
<!-- Generated by org.testng.reporters.JUnitReportReporter -->
<testsuite skipped="2" hostname="DESKTOP-T1TKO85" name="com.interview.assignmentcheck.MultipleCheckboxSelect" tests="5" failures="0" timestamp="2022-06-02T13:42:45 IST" time="20.495" errors="0">
  <testcase name="selectMultipleCheckboxByChoice" time="15.897" classname="com.interview.assignmentcheck.MultipleCheckboxSelect"/>
  <system-out/>
  <testcase name="selectLast2CheckBox" time="2.430" classname="com.interview.assignmentcheck.MultipleCheckboxSelect"/>
  <system-out/>
  <testcase name="selectfirst2CheckBox" time="2.168" classname="com.interview.assignmentcheck.MultipleCheckboxSelect"/>
  <system-out/>
  <testcase name="selectAllCheckboxes" classname="com.interview.assignmentcheck.MultipleCheckboxSelect">
    <skipped/>
  </testcase> <!-- selectAllCheckboxes -->
  <system-out/>
  <testcase name="selectSpecificCheckbox" classname="com.interview.assignmentcheck.MultipleCheckboxSelect">
    <skipped/>
  </testcase> <!-- selectSpecificCheckbox -->
  <system-out/>
</testsuite> <!-- com.interview.assignmentcheck.MultipleCheckboxSelect -->
