<?xml version="1.0" encoding="UTF-8"?>
<!-- Generated by org.testng.reporters.JUnitReportReporter -->
<testsuite skipped="1" hostname="DESKTOP-T1TKO85" name="com.interview.assignmentcheck.SeleniumExceptionsCheck" tests="2" failures="0" timestamp="2022-06-15T17:38:58 IST" time="0.022" errors="0">
  <testcase name="checktheExceptionWorkFlow" time="0.022" classname="com.interview.assignmentcheck.SeleniumExceptionsCheck"/>
  <system-out/>
  <testcase name="noSuchElementExceptionCheck" classname="com.interview.assignmentcheck.SeleniumExceptionsCheck">
    <skipped/>
  </testcase> <!-- noSuchElementExceptionCheck -->
  <system-out/>
</testsuite> <!-- com.interview.assignmentcheck.SeleniumExceptionsCheck -->
