<?xml version="1.0" encoding="UTF-8"?>
<!-- Generated by org.testng.reporters.JUnitReportReporter -->
<testsuite hostname="DESKTOP-LFL4UKQ" failures="0" tests="1" name="com.logical.string.ReverseAString" time="0.014" errors="0" timestamp="2022-07-21T13:36:18 IST" skipped="0">
  <testcase classname="com.logical.string.ReverseAString" name="reverse" time="0.014"/>
  <system-out/>
</testsuite> <!-- com.logical.string.ReverseAString -->
