<?xml version="1.0" encoding="UTF-8"?>
<!-- Generated by org.testng.reporters.JUnitReportReporter -->
<testsuite hostname="DESKTOP-LFL4UKQ" failures="0" tests="1" name="com.basic.selenium.JavaScriptExecutorTest" time="13.455" errors="0" timestamp="2022-08-03T09:57:25 IST" skipped="0">
  <testcase classname="com.basic.selenium.JavaScriptExecutorTest" name="highlight_element_check" time="13.455"/>
  <system-out/>
</testsuite> <!-- com.basic.selenium.JavaScriptExecutorTest -->
