<?xml version="1.0" encoding="UTF-8"?>
<!-- Generated by org.testng.reporters.JUnitReportReporter -->
<testsuite hostname="DESKTOP-LFL4UKQ" failures="0" tests="1" name="com.logical.string.ReverseStringScenario" time="0.016" errors="0" timestamp="2022-07-28T23:14:07 IST" skipped="0">
  <testcase classname="com.logical.string.ReverseStringScenario" name="reverse_each_word1" time="0.016"/>
  <system-out/>
</testsuite> <!-- com.logical.string.ReverseStringScenario -->
