<?xml version="1.0" encoding="UTF-8"?>
<!-- Generated by org.testng.reporters.JUnitReportReporter -->
<testsuite hostname="DESKTOP-LFL4UKQ" failures="0" tests="1" name="com.basic.selenium.CalendarHandlingWithJavaScriptExecutor" time="12.622" errors="0" timestamp="2022-07-06T10:37:00 IST" skipped="0">
  <testcase classname="com.basic.selenium.CalendarHandlingWithJavaScriptExecutor" name="selectDate" time="12.622"/>
  <system-out/>
</testsuite> <!-- com.basic.selenium.CalendarHandlingWithJavaScriptExecutor -->
