<?xml version="1.0" encoding="UTF-8"?>
<!-- Generated by org.testng.reporters.JUnitReportReporter -->
<testsuite hostname="DESKTOP-LFL4UKQ" failures="0" tests="1" name="com.java.collections.HashmapCheck" time="0.012" errors="0" timestamp="2022-07-30T20:36:04 IST" skipped="0">
  <testcase classname="com.java.collections.HashmapCheck" name="mapIterator_keys_values1" time="0.012"/>
  <system-out/>
</testsuite> <!-- com.java.collections.HashmapCheck -->
